<?xml version="1.0" encoding="UTF-8"?>
<testsuite xmlns:xsi="http://www.w3.org/2001/XMLSchema-instance" xsi:noNamespaceSchemaLocation="https://maven.apache.org/surefire/maven-surefire-plugin/xsd/surefire-test-report.xsd" version="3.0.2" name="com.mjc.HometownApplicationTests" time="2.945" tests="1" errors="0" skipped="0" failures="0">
  <properties>
[...]
</properties>
  <testcase name="contextLoads" classname="com.mjc.HometownApplicationTests" time="0.687">
    <system-out><![CDATA[2025-09-14 11:23:51.217 [main] INFO  o.s.t.c.support.AnnotationConfigContextLoaderUtils-Could not detect default configuration classes for test class [com.mjc.HometownApplicationTests]: HometownApplicationTests does not declare any static, non-private, non-final, nested classes annotated with @Configuration.
2025-09-14 11:23:51.305 [main] INFO  o.s.b.t.context.SpringBootTestContextBootstrapper-Found @SpringBootConfiguration com.mjc.HometownApplication for test class com.mjc.HometownApplicationTests

  .   ____          _            __ _ _
 /\\ / ___'_ __ _ _(_)_ __  __ _ \ \ \ \
( ( )\___ | '_ | '_| | '_ \/ _` | \ \ \ \
 \\/  ___)| |_)| | | | | || (_| |  ) ) ) )
  '  |____| .__|_| |_|_| |_\__, | / / / /
 =========|_|==============|___/=/_/_/_/

 :: Spring Boot ::                (v3.5.5)

2025-09-14 11:23:51.640 [main] INFO  com.mjc.HometownApplicationTests-Starting HometownApplicationTests using Java 17.0.14 with PID 26592 (started by 33784 in D:\Code\Hometown\hometown)
2025-09-14 11:23:51.641 [main] INFO  com.mjc.HometownApplicationTests-No active profile set, falling back to 1 default profile: "default"
Logging initialized using 'class org.apache.ibatis.logging.stdout.StdOutImpl' adapter.


,------.                           ,--.  ,--.         ,--.                         
|  .--. '  ,--,--.  ,---.   ,---.  |  '--'  |  ,---.  |  |  ,---.   ,---.  ,--.--. 
|  '--' | ' ,-.  | | .-. | | .-. : |  .--.  | | .-. : |  | | .-. | | .-. : |  .--' 
|  | --'  \ '-'  | ' '-' ' \   --. |  |  |  | \   --. |  | | '-' ' \   --. |  |    
`--'       `--`--' .`-  /   `----' `--'  `--'  `----' `--' |  |-'   `----' `--'    
                   `---'                                   `--'                        is intercepting.

2025-09-14 11:23:53.216 [main] INFO  com.mjc.HometownApplicationTests-Started HometownApplicationTests in 1.809 seconds (process running for 2.701)
]]></system-out>
  </testcase>
</testsuite>